CRITICAL - 2024-04-16 07:54:04 --> realpath(): open_basedir restriction in effect. File(/export/var/www) is not within the allowed path(s): (/export/var/www/find/:/tmp/:/usr/share/pear/)
in SYSTEMPATH/ThirdParty/Kint/init.php on line 52.
 1 [internal function]: CodeIgniter\Debug\Exceptions->errorHandler()
 2 SYSTEMPATH/ThirdParty/Kint/init.php(52): realpath()
 3 SYSTEMPATH/CodeIgniter.php(244): require_once('SYSTEMPATH/ThirdParty/Kint/init.php')
 4 SYSTEMPATH/CodeIgniter.php(186): CodeIgniter\CodeIgniter->initializeKint()
 5 FCPATH/index.php(55): CodeIgniter\CodeIgniter->initialize()
CRITICAL - 2024-04-16 08:15:58 --> realpath(): open_basedir restriction in effect. File(/export/var/www) is not within the allowed path(s): (/export/var/www/find/:/tmp/:/usr/share/pear/)
in SYSTEMPATH/ThirdParty/Kint/init.php on line 52.
 1 [internal function]: CodeIgniter\Debug\Exceptions->errorHandler()
 2 SYSTEMPATH/ThirdParty/Kint/init.php(52): realpath()
 3 SYSTEMPATH/CodeIgniter.php(244): require_once('SYSTEMPATH/ThirdParty/Kint/init.php')
 4 SYSTEMPATH/CodeIgniter.php(186): CodeIgniter\CodeIgniter->initializeKint()
 5 FCPATH/index.php(55): CodeIgniter\CodeIgniter->initialize()
CRITICAL - 2024-04-16 08:16:40 --> realpath(): open_basedir restriction in effect. File(/export/var/www) is not within the allowed path(s): (/export/var/www/find/:/tmp/:/usr/share/pear/)
in SYSTEMPATH/ThirdParty/Kint/init.php on line 52.
 1 [internal function]: CodeIgniter\Debug\Exceptions->errorHandler()
 2 SYSTEMPATH/ThirdParty/Kint/init.php(52): realpath()
 3 SYSTEMPATH/CodeIgniter.php(244): require_once('SYSTEMPATH/ThirdParty/Kint/init.php')
 4 SYSTEMPATH/CodeIgniter.php(186): CodeIgniter\CodeIgniter->initializeKint()
 5 FCPATH/index.php(55): CodeIgniter\CodeIgniter->initialize()
CRITICAL - 2024-04-16 09:50:57 --> realpath(): open_basedir restriction in effect. File(/export/var/www) is not within the allowed path(s): (/export/var/www/find/:/tmp/:/usr/share/pear/)
in SYSTEMPATH/ThirdParty/Kint/init.php on line 52.
 1 [internal function]: CodeIgniter\Debug\Exceptions->errorHandler()
 2 SYSTEMPATH/ThirdParty/Kint/init.php(52): realpath()
 3 SYSTEMPATH/CodeIgniter.php(244): require_once('SYSTEMPATH/ThirdParty/Kint/init.php')
 4 SYSTEMPATH/CodeIgniter.php(186): CodeIgniter\CodeIgniter->initializeKint()
 5 FCPATH/index.php(54): CodeIgniter\CodeIgniter->initialize()
CRITICAL - 2024-04-16 09:51:54 --> realpath(): open_basedir restriction in effect. File(/export/var/www) is not within the allowed path(s): (/export/var/www/find/:/tmp/:/usr/share/pear/)
in SYSTEMPATH/ThirdParty/Kint/init.php on line 52.
 1 [internal function]: CodeIgniter\Debug\Exceptions->errorHandler()
 2 SYSTEMPATH/ThirdParty/Kint/init.php(52): realpath()
 3 SYSTEMPATH/CodeIgniter.php(244): require_once('SYSTEMPATH/ThirdParty/Kint/init.php')
 4 SYSTEMPATH/CodeIgniter.php(186): CodeIgniter\CodeIgniter->initializeKint()
 5 FCPATH/index.php(54): CodeIgniter\CodeIgniter->initialize()
CRITICAL - 2024-04-16 09:52:05 --> realpath(): open_basedir restriction in effect. File(/export/var/www) is not within the allowed path(s): (/export/var/www/find/:/tmp/:/usr/share/pear/)
in SYSTEMPATH/ThirdParty/Kint/init.php on line 52.
 1 [internal function]: CodeIgniter\Debug\Exceptions->errorHandler()
 2 SYSTEMPATH/ThirdParty/Kint/init.php(52): realpath()
 3 SYSTEMPATH/CodeIgniter.php(244): require_once('SYSTEMPATH/ThirdParty/Kint/init.php')
 4 SYSTEMPATH/CodeIgniter.php(186): CodeIgniter\CodeIgniter->initializeKint()
 5 FCPATH/index.php(54): CodeIgniter\CodeIgniter->initialize()
CRITICAL - 2024-04-16 09:52:06 --> realpath(): open_basedir restriction in effect. File(/export/var/www) is not within the allowed path(s): (/export/var/www/find/:/tmp/:/usr/share/pear/)
in SYSTEMPATH/ThirdParty/Kint/init.php on line 52.
 1 [internal function]: CodeIgniter\Debug\Exceptions->errorHandler()
 2 SYSTEMPATH/ThirdParty/Kint/init.php(52): realpath()
 3 SYSTEMPATH/CodeIgniter.php(244): require_once('SYSTEMPATH/ThirdParty/Kint/init.php')
 4 SYSTEMPATH/CodeIgniter.php(186): CodeIgniter\CodeIgniter->initializeKint()
 5 FCPATH/index.php(54): CodeIgniter\CodeIgniter->initialize()
CRITICAL - 2024-04-16 09:52:26 --> realpath(): open_basedir restriction in effect. File(/export/var/www) is not within the allowed path(s): (/export/var/www/find/:/tmp/:/usr/share/pear/)
in SYSTEMPATH/ThirdParty/Kint/init.php on line 52.
 1 [internal function]: CodeIgniter\Debug\Exceptions->errorHandler()
 2 SYSTEMPATH/ThirdParty/Kint/init.php(52): realpath()
 3 SYSTEMPATH/CodeIgniter.php(244): require_once('SYSTEMPATH/ThirdParty/Kint/init.php')
 4 SYSTEMPATH/CodeIgniter.php(186): CodeIgniter\CodeIgniter->initializeKint()
 5 FCPATH/index.php(54): CodeIgniter\CodeIgniter->initialize()
