CRITICAL - 2024-04-17 08:38:46 --> Class 'Kint\Renderer\Renderer' not found
in SYSTEMPATH/Config/Factories.php on line 126.
 1 SYSTEMPATH/Common.php(200): CodeIgniter\Config\Factories::__callStatic()
 2 SYSTEMPATH/CodeIgniter.php(248): config()
 3 SYSTEMPATH/CodeIgniter.php(186): CodeIgniter\CodeIgniter->initializeKint()
 4 FCPATH/index.php(54): CodeIgniter\CodeIgniter->initialize()
CRITICAL - 2024-04-17 08:39:24 --> Class 'Kint\Renderer\Renderer' not found
in SYSTEMPATH/Config/Factories.php on line 126.
 1 SYSTEMPATH/Common.php(200): CodeIgniter\Config\Factories::__callStatic()
 2 SYSTEMPATH/CodeIgniter.php(248): config()
 3 SYSTEMPATH/CodeIgniter.php(186): CodeIgniter\CodeIgniter->initializeKint()
 4 FCPATH/index.php(54): CodeIgniter\CodeIgniter->initialize()
CRITICAL - 2024-04-17 08:39:41 --> Class 'Kint\Renderer\Renderer' not found
in SYSTEMPATH/Config/Factories.php on line 126.
 1 SYSTEMPATH/Common.php(200): CodeIgniter\Config\Factories::__callStatic()
 2 SYSTEMPATH/CodeIgniter.php(248): config()
 3 SYSTEMPATH/CodeIgniter.php(186): CodeIgniter\CodeIgniter->initializeKint()
 4 FCPATH/index.php(54): CodeIgniter\CodeIgniter->initialize()
CRITICAL - 2024-04-17 08:42:23 --> Class 'Kint\Renderer\Renderer' not found
in SYSTEMPATH/Config/Factories.php on line 126.
 1 SYSTEMPATH/Common.php(200): CodeIgniter\Config\Factories::__callStatic()
 2 SYSTEMPATH/CodeIgniter.php(248): config()
 3 SYSTEMPATH/CodeIgniter.php(186): CodeIgniter\CodeIgniter->initializeKint()
 4 FCPATH/index.php(54): CodeIgniter\CodeIgniter->initialize()
CRITICAL - 2024-04-17 08:43:21 --> Class 'Kint\Renderer\Renderer' not found
in SYSTEMPATH/Config/Factories.php on line 126.
 1 SYSTEMPATH/Common.php(200): CodeIgniter\Config\Factories::__callStatic()
 2 SYSTEMPATH/CodeIgniter.php(248): config()
 3 SYSTEMPATH/CodeIgniter.php(186): CodeIgniter\CodeIgniter->initializeKint()
 4 FCPATH/index.php(54): CodeIgniter\CodeIgniter->initialize()
CRITICAL - 2024-04-17 08:43:45 --> Class 'Kint\Renderer\Renderer' not found
in SYSTEMPATH/Config/Factories.php on line 126.
 1 SYSTEMPATH/Common.php(200): CodeIgniter\Config\Factories::__callStatic()
 2 SYSTEMPATH/CodeIgniter.php(248): config()
 3 SYSTEMPATH/CodeIgniter.php(186): CodeIgniter\CodeIgniter->initializeKint()
 4 FCPATH/index.php(54): CodeIgniter\CodeIgniter->initialize()
CRITICAL - 2024-04-17 08:43:55 --> Class 'Kint\Renderer\Renderer' not found
in SYSTEMPATH/Config/Factories.php on line 126.
 1 SYSTEMPATH/Common.php(200): CodeIgniter\Config\Factories::__callStatic()
 2 SYSTEMPATH/CodeIgniter.php(248): config()
 3 SYSTEMPATH/CodeIgniter.php(186): CodeIgniter\CodeIgniter->initializeKint()
 4 FCPATH/index.php(54): CodeIgniter\CodeIgniter->initialize()
CRITICAL - 2024-04-17 08:49:14 --> Class 'Kint\Renderer\Renderer' not found
in SYSTEMPATH/Config/Factories.php on line 126.
 1 SYSTEMPATH/Common.php(200): CodeIgniter\Config\Factories::__callStatic()
 2 SYSTEMPATH/CodeIgniter.php(248): config()
 3 SYSTEMPATH/CodeIgniter.php(186): CodeIgniter\CodeIgniter->initializeKint()
 4 FCPATH/index.php(54): CodeIgniter\CodeIgniter->initialize()
CRITICAL - 2024-04-17 15:19:44 --> Class 'TCPDF' not found
in APPPATH/Models/Find/Labels/Index.php on line 8.
 1 SYSTEMPATH/Autoloader/Autoloader.php(282): include_once()
 2 SYSTEMPATH/Autoloader/Autoloader.php(259): CodeIgniter\Autoloader\Autoloader->includeFile()
 3 SYSTEMPATH/Autoloader/Autoloader.php(237): CodeIgniter\Autoloader\Autoloader->loadInNamespace()
 4 [internal function]: CodeIgniter\Autoloader\Autoloader->loadClass()
 5 APPPATH/Controllers/Api.php(30): spl_autoload_call()
 6 SYSTEMPATH/CodeIgniter.php(904): App\Controllers\Api->index()
 7 SYSTEMPATH/CodeIgniter.php(457): CodeIgniter\CodeIgniter->runController()
 8 SYSTEMPATH/CodeIgniter.php(340): CodeIgniter\CodeIgniter->handleRequest()
 9 FCPATH/index.php(70): CodeIgniter\CodeIgniter->run()
CRITICAL - 2024-04-17 15:21:54 --> Class 'TCPDF' not found
in APPPATH/Models/Find/Labels/Index.php on line 8.
 1 SYSTEMPATH/Autoloader/Autoloader.php(282): include_once()
 2 SYSTEMPATH/Autoloader/Autoloader.php(259): CodeIgniter\Autoloader\Autoloader->includeFile()
 3 SYSTEMPATH/Autoloader/Autoloader.php(237): CodeIgniter\Autoloader\Autoloader->loadInNamespace()
 4 [internal function]: CodeIgniter\Autoloader\Autoloader->loadClass()
 5 APPPATH/Controllers/Api.php(30): spl_autoload_call()
 6 SYSTEMPATH/CodeIgniter.php(904): App\Controllers\Api->index()
 7 SYSTEMPATH/CodeIgniter.php(457): CodeIgniter\CodeIgniter->runController()
 8 SYSTEMPATH/CodeIgniter.php(340): CodeIgniter\CodeIgniter->handleRequest()
 9 FCPATH/index.php(70): CodeIgniter\CodeIgniter->run()
CRITICAL - 2024-04-17 16:08:08 --> Class 'Kint\Renderer\AbstractRenderer' not found
in SYSTEMPATH/Config/Factories.php on line 126.
 1 SYSTEMPATH/Common.php(200): CodeIgniter\Config\Factories::__callStatic()
 2 SYSTEMPATH/CodeIgniter.php(248): config()
 3 SYSTEMPATH/CodeIgniter.php(186): CodeIgniter\CodeIgniter->initializeKint()
 4 FCPATH/index.php(54): CodeIgniter\CodeIgniter->initialize()
CRITICAL - 2024-04-17 16:10:56 --> Class 'Kint\Renderer\AbstractRenderer' not found
in SYSTEMPATH/Config/Factories.php on line 126.
 1 SYSTEMPATH/Common.php(200): CodeIgniter\Config\Factories::__callStatic()
 2 SYSTEMPATH/CodeIgniter.php(248): config()
 3 SYSTEMPATH/CodeIgniter.php(186): CodeIgniter\CodeIgniter->initializeKint()
 4 FCPATH/index.php(54): CodeIgniter\CodeIgniter->initialize()
CRITICAL - 2024-04-17 16:19:51 --> Class "TCPDF" not found
in APPPATH\Models\Find\Labels\Index.php on line 8.
 1 SYSTEMPATH\Autoloader\Autoloader.php(282): include_once()
 2 SYSTEMPATH\Autoloader\Autoloader.php(259): CodeIgniter\Autoloader\Autoloader->includeFile('APPPATH\\Models\\Find\\Labels\\Index.php')
 3 SYSTEMPATH\Autoloader\Autoloader.php(237): CodeIgniter\Autoloader\Autoloader->loadInNamespace('App\\Models\\Find\\Labels\\Index')
 4 APPPATH\Controllers\Api.php(30): CodeIgniter\Autoloader\Autoloader->loadClass('App\\Models\\Find\\Labels\\Index')
 5 SYSTEMPATH\CodeIgniter.php(904): App\Controllers\Api->index('label')
 6 SYSTEMPATH\CodeIgniter.php(457): CodeIgniter\CodeIgniter->runController(Object(App\Controllers\Api))
 7 SYSTEMPATH\CodeIgniter.php(340): CodeIgniter\CodeIgniter->handleRequest(null, Object(Config\Cache), false)
 8 FCPATH\index.php(70): CodeIgniter\CodeIgniter->run()
CRITICAL - 2024-04-17 16:19:57 --> Class "TCPDF" not found
in APPPATH\Models\Find\Labels\Index.php on line 8.
 1 SYSTEMPATH\Autoloader\Autoloader.php(282): include_once()
 2 SYSTEMPATH\Autoloader\Autoloader.php(259): CodeIgniter\Autoloader\Autoloader->includeFile('APPPATH\\Models\\Find\\Labels\\Index.php')
 3 SYSTEMPATH\Autoloader\Autoloader.php(237): CodeIgniter\Autoloader\Autoloader->loadInNamespace('App\\Models\\Find\\Labels\\Index')
 4 APPPATH\Controllers\Api.php(30): CodeIgniter\Autoloader\Autoloader->loadClass('App\\Models\\Find\\Labels\\Index')
 5 SYSTEMPATH\CodeIgniter.php(904): App\Controllers\Api->index('label')
 6 SYSTEMPATH\CodeIgniter.php(457): CodeIgniter\CodeIgniter->runController(Object(App\Controllers\Api))
 7 SYSTEMPATH\CodeIgniter.php(340): CodeIgniter\CodeIgniter->handleRequest(null, Object(Config\Cache), false)
 8 FCPATH\index.php(70): CodeIgniter\CodeIgniter->run()
CRITICAL - 2024-04-17 16:20:42 --> Class "TCPDF" not found
in APPPATH\Models\Find\Labels\Index.php on line 8.
 1 SYSTEMPATH\Autoloader\Autoloader.php(282): include_once()
 2 SYSTEMPATH\Autoloader\Autoloader.php(259): CodeIgniter\Autoloader\Autoloader->includeFile('APPPATH\\Models\\Find\\Labels\\Index.php')
 3 SYSTEMPATH\Autoloader\Autoloader.php(237): CodeIgniter\Autoloader\Autoloader->loadInNamespace('App\\Models\\Find\\Labels\\Index')
 4 APPPATH\Controllers\Api.php(30): CodeIgniter\Autoloader\Autoloader->loadClass('App\\Models\\Find\\Labels\\Index')
 5 SYSTEMPATH\CodeIgniter.php(904): App\Controllers\Api->index('label')
 6 SYSTEMPATH\CodeIgniter.php(457): CodeIgniter\CodeIgniter->runController(Object(App\Controllers\Api))
 7 SYSTEMPATH\CodeIgniter.php(340): CodeIgniter\CodeIgniter->handleRequest(null, Object(Config\Cache), false)
 8 FCPATH\index.php(70): CodeIgniter\CodeIgniter->run()
CRITICAL - 2024-04-17 16:20:43 --> Class "TCPDF" not found
in APPPATH\Models\Find\Labels\Index.php on line 8.
 1 SYSTEMPATH\Autoloader\Autoloader.php(282): include_once()
 2 SYSTEMPATH\Autoloader\Autoloader.php(259): CodeIgniter\Autoloader\Autoloader->includeFile('APPPATH\\Models\\Find\\Labels\\Index.php')
 3 SYSTEMPATH\Autoloader\Autoloader.php(237): CodeIgniter\Autoloader\Autoloader->loadInNamespace('App\\Models\\Find\\Labels\\Index')
 4 APPPATH\Controllers\Api.php(30): CodeIgniter\Autoloader\Autoloader->loadClass('App\\Models\\Find\\Labels\\Index')
 5 SYSTEMPATH\CodeIgniter.php(904): App\Controllers\Api->index('label')
 6 SYSTEMPATH\CodeIgniter.php(457): CodeIgniter\CodeIgniter->runController(Object(App\Controllers\Api))
 7 SYSTEMPATH\CodeIgniter.php(340): CodeIgniter\CodeIgniter->handleRequest(null, Object(Config\Cache), false)
 8 FCPATH\index.php(70): CodeIgniter\CodeIgniter->run()
CRITICAL - 2024-04-17 16:21:21 --> Class "Mpdf\Mpdf" not found
in APPPATH\Models\Find\Labels\Index.php on line 68.
 1 APPPATH\Controllers\Api.php(31): App\Models\Find\Labels\Index->print('D:\\www\\find\\v2', 'D:\\www\\find\\v2')
 2 SYSTEMPATH\CodeIgniter.php(904): App\Controllers\Api->index('label')
 3 SYSTEMPATH\CodeIgniter.php(457): CodeIgniter\CodeIgniter->runController(Object(App\Controllers\Api))
 4 SYSTEMPATH\CodeIgniter.php(340): CodeIgniter\CodeIgniter->handleRequest(null, Object(Config\Cache), false)
 5 FCPATH\index.php(70): CodeIgniter\CodeIgniter->run()
